[35m[Appium][39m Welcome to Appium v1.8.1
[35m[Appium][39m Non-default server args:
[35m[Appium][39m   port: 58947
[35m[Appium][39m   loglevel: info
[35m[Appium][39m   chromeDriverPort: 58948
[35m[Appium][39m   tmpDir: C:\Users\Tarik\AppData\Local\Temp\\Katalon\Appium\Temp1572333884791
[35m[Appium][39m Appium REST http interface listener started on 0.0.0.0:58947
[35m[HTTP][39m [37m-->[39m [37mGET[39m [37m/wd/hub/status[39m
[35m[HTTP][39m [90m{}[39m
[35m[HTTP][39m [37m<-- GET /wd/hub/status [39m[32m200[39m [90m110 ms - 83[39m
[35m[HTTP][39m [90m[39m
[35m[HTTP][39m [37m-->[39m [37mGET[39m [37m/wd/hub/status[39m
[35m[HTTP][39m [90m{}[39m
[35m[HTTP][39m [37m<-- GET /wd/hub/status [39m[32m200[39m [90m146 ms - 83[39m
[35m[HTTP][39m [90m[39m
[35m[HTTP][39m [37m-->[39m [37mPOST[39m [37m/wd/hub/session[39m
[35m[HTTP][39m [90m{"desiredCapabilities":{"app":"C:\\Users\\Tarik\\Desktop\\New Folder\\MyTM_v3.10.0.apk","noReset":true,"deviceName":"emulator-5554 (Android SDK built for x86 - Android 8.1.0)","fullReset":false,"platform":"ANDROID","newCommandTimeout":1800,"platformVersion":"8.1.0","automationName":"uiautomator2","autoGrantPermissions":true,"platformName":"Android","udid":"emulator-5554","systemPort":58963},"capabilities":{"firstMatch":[{"appium:app":"C:\\Users\\Tarik\\Desktop\\New Folder\\MyTM_v3.10.0.apk","appium:autoGrantPermissions":true,"appium:automationName":"uiautomator2","appium:deviceName":"emulator-5554 (Android SDK built for x86 - Android 8.1.0)","appium:fullReset":false,"appium:newCommandTimeout":1800,"appium:noReset":true,"platform":"ANDROID","platformName":"android","appium:platformVersion":"8.1.0","appium:systemPort":58963,"appium:udid":"emulator-5554"}]}}[39m
[35m[BaseDriver][39m The capabilities ["platform"] are not standard capabilities and should have an extension prefix
[35m[Appium][39m Creating new AndroidUiautomator2Driver (v1.12.0) session
[35m[Appium][39m Capabilities:
[35m[Appium][39m   platform: ANDROID
[35m[Appium][39m   platformName: android
[35m[Appium][39m   app: C:\Users\Tarik\Desktop\New Folder\MyTM_v3.10.0.apk
[35m[Appium][39m   autoGrantPermissions: true
[35m[Appium][39m   automationName: uiautomator2
[35m[Appium][39m   deviceName: emulator-5554 (Android SDK built for x86 - Android 8.1.0)
[35m[Appium][39m   fullReset: false
[35m[Appium][39m   newCommandTimeout: 1800
[35m[Appium][39m   noReset: true
[35m[Appium][39m   platformVersion: 8.1.0
[35m[Appium][39m   systemPort: 58963
[35m[Appium][39m   udid: emulator-5554
[35m[BaseDriver][39m The following capabilities were provided, but are not recognized by appium: platform.
[35m[BaseDriver][39m Session created with session id: 71657daf-654d-42f4-b951-a502982b62f2
[35m[BaseDriver][39m Using local app 'C:\Users\Tarik\Desktop\New Folder\MyTM_v3.10.0.apk'
[35m[AndroidDriver][39m Java version is: 1.8.0_181
[35m[ADB][39m Checking whether adb is present
[35m[ADB][39m Found 1 'build-tools' folders under 'C:\Users\Tarik\.katalon\tools\android_sdk' (newest first):
[35m[ADB][39m     C:/Users/Tarik/.katalon/tools/android_sdk/build-tools/28.0.3
[35m[ADB][39m Using adb.exe from C:\Users\Tarik\.katalon\tools\android_sdk\platform-tools\adb.exe
[35m[AndroidDriver][39m Retrieving device list
[35m[AndroidDriver][39m Using device: emulator-5554
[35m[ADB][39m Using the alternative activity name detection method because of: Could not find apkanalyzer.bat in C:\Users\Tarik\.katalon\tools\android_sdk\platform-tools\apkanalyzer.bat,C:\Users\Tarik\.katalon\tools\android_sdk\emulator\apkanalyzer.bat,C:\Users\Tarik\.katalon\tools\android_sdk\tools\apkanalyzer.bat,C:\Users\Tarik\.katalon\tools\android_sdk\tools\bin\apkanalyzer.bat,C:\Users\Tarik\.katalon\tools\android_sdk\build-tools\28.0.3\apkanalyzer.bat. Do you have the Android SDK installed at 'C:\Users\Tarik\.katalon\tools\android_sdk'?
[35m[ADB][39m Checking whether aapt is present
[35m[ADB][39m Using aapt.exe from C:\Users\Tarik\.katalon\tools\android_sdk\build-tools\28.0.3\aapt.exe
[35m[ADB][39m Extracting package and launch activity from manifest
[35m[ADB][39m Package name: 'mm.cws.telenor.app'
[35m[ADB][39m Main activity name: 'mm.cws.telenor.app.mvp.view.splash.SplashActivity'
[35m[ADB][39m Getting device platform version
[35m[ADB][39m Using apksigner.bat from C:\Users\Tarik\.katalon\tools\android_sdk\build-tools\28.0.3\apksigner.bat
[35m[ADB][39m Checking whether zipalign is present
[35m[ADB][39m Using zipalign.exe from C:\Users\Tarik\.katalon\tools\android_sdk\build-tools\28.0.3\zipalign.exe
[35m[ADB][39m io.appium.uiautomator2.server was successfully uninstalled
[35m[ADB][39m io.appium.uiautomator2.server.test was successfully uninstalled
[35m[AndroidDriver][39m setDeviceLanguageCountry requires language or country.
[35m[AndroidDriver][39m Got language: 'null' and country: 'null'
[35m[ADB][39m Successfully extracted 579 strings from 'C:\Users\Tarik\Desktop\New Folder\MyTM_v3.10.0.apk' resources for '(default)' configuration
[35m[UiAutomator2][39m Starting uiautomator2 server 1.12.0
[35m[UiAutomator2][39m Using UIAutomator2 server from 'C:\Users\Tarik\AppData\Roaming\npm\node_modules\appium\node_modules\appium-uiautomator2-server\apks\appium-uiautomator2-server-v1.12.0.apk' and test from 'C:\Users\Tarik\AppData\Roaming\npm\node_modules\appium\node_modules\appium-uiautomator2-server\apks\appium-uiautomator2-server-debug-androidTest.apk'
[35m[UiAutomator2][39m Running command: 'adb -s emulator-5554 shell am instrument -w io.appium.uiautomator2.server.test/android.support.test.runner.AndroidJUnitRunner'
[35m[UiAutomator2][39m Waiting up to 20000ms for UiAutomator2 to be online...
[35m[AndroidDriver][39m Screen already unlocked, doing nothing
[35m[UiAutomator2][39m UiAutomator2 did not start the activity we were waiting for, 'mm.cws.telenor.app/mm.cws.telenor.app.mvp.view.splash.SplashActivity'. Starting it ourselves
[35m[Appium][39m New AndroidUiautomator2Driver session created successfully, session 71657daf-654d-42f4-b951-a502982b62f2 added to master session list
[35m[HTTP][39m [37m<-- POST /wd/hub/session [39m[32m200[39m [90m35278 ms - 1270[39m
[35m[HTTP][39m [90m[39m
[35m[HTTP][39m [37m-->[39m [37mGET[39m [37m/wd/hub/session/71657daf-654d-42f4-b951-a502982b62f2[39m
[35m[HTTP][39m [90m{}[39m
[35m[HTTP][39m [37m<-- GET /wd/hub/session/71657daf-654d-42f4-b951-a502982b62f2 [39m[32m200[39m [90m71 ms - 1202[39m
[35m[HTTP][39m [90m[39m
[35m[HTTP][39m [37m-->[39m [37mGET[39m [37m/wd/hub/session/71657daf-654d-42f4-b951-a502982b62f2[39m
[35m[HTTP][39m [90m{}[39m
[35m[HTTP][39m [37m<-- GET /wd/hub/session/71657daf-654d-42f4-b951-a502982b62f2 [39m[32m200[39m [90m41 ms - 1202[39m
[35m[HTTP][39m [90m[39m
[35m[HTTP][39m [37m-->[39m [37mGET[39m [37m/wd/hub/status[39m
[35m[HTTP][39m [90m{}[39m
[35m[HTTP][39m [37m<-- GET /wd/hub/status [39m[32m200[39m [90m716 ms - 55[39m
[35m[HTTP][39m [90m[39m
[35m[HTTP][39m [37m-->[39m [37mPOST[39m [37m/wd/hub/session/71657daf-654d-42f4-b951-a502982b62f2/timeouts[39m
[35m[HTTP][39m [90m{"implicit":60000}[39m
[35m[HTTP][39m [37m<-- POST /wd/hub/session/71657daf-654d-42f4-b951-a502982b62f2/timeouts [39m[32m200[39m [90m14 ms - 14[39m
[35m[HTTP][39m [90m[39m
[35m[HTTP][39m [37m-->[39m [37mGET[39m [37m/wd/hub/session/71657daf-654d-42f4-b951-a502982b62f2/source[39m
[35m[HTTP][39m [90m{}[39m
[35m[W3C][39m Driver proxy active, passing request on via HTTP proxy
[35m[JSONWP Proxy][39m Replacing sessionId 08881bf7-b87c-44a4-b448-cd5b7e241b36 with 71657daf-654d-42f4-b951-a502982b62f2
[35m[HTTP][39m [37m<-- GET /wd/hub/session/71657daf-654d-42f4-b951-a502982b62f2/source [39m[32m200[39m [90m611 ms - 2283[39m
[35m[HTTP][39m [90m[39m
[35m[HTTP][39m [37m-->[39m [37mGET[39m [37m/wd/hub/session/71657daf-654d-42f4-b951-a502982b62f2/screenshot[39m
[35m[HTTP][39m [90m{}[39m
[35m[HTTP][39m [37m<-- GET /wd/hub/session/71657daf-654d-42f4-b951-a502982b62f2/screenshot [39m[32m200[39m [90m8457 ms - 2813018[39m
[35m[HTTP][39m [90m[39m
[35m[HTTP][39m [37m-->[39m [37mGET[39m [37m/wd/hub/session/71657daf-654d-42f4-b951-a502982b62f2/source[39m
[35m[HTTP][39m [90m{}[39m
[35m[W3C][39m Driver proxy active, passing request on via HTTP proxy
[35m[JSONWP Proxy][39m Replacing sessionId 08881bf7-b87c-44a4-b448-cd5b7e241b36 with 71657daf-654d-42f4-b951-a502982b62f2
[35m[HTTP][39m [37m<-- GET /wd/hub/session/71657daf-654d-42f4-b951-a502982b62f2/source [39m[32m200[39m [90m154 ms - 7103[39m
[35m[HTTP][39m [90m[39m
[35m[HTTP][39m [37m-->[39m [37mGET[39m [37m/wd/hub/session/71657daf-654d-42f4-b951-a502982b62f2/screenshot[39m
[35m[HTTP][39m [90m{}[39m
[35m[HTTP][39m [37m<-- GET /wd/hub/session/71657daf-654d-42f4-b951-a502982b62f2/screenshot [39m[32m200[39m [90m3880 ms - 2942100[39m
[35m[HTTP][39m [90m[39m
[35m[HTTP][39m [37m-->[39m [37mDELETE[39m [37m/wd/hub/session/71657daf-654d-42f4-b951-a502982b62f2[39m
[35m[HTTP][39m [90m{}[39m
[35m[Appium][39m Removing session 71657daf-654d-42f4-b951-a502982b62f2 from our master session list
[35m[HTTP][39m [37m<-- DELETE /wd/hub/session/71657daf-654d-42f4-b951-a502982b62f2 [39m[32m200[39m [90m1132 ms - 14[39m
[35m[HTTP][39m [90m[39m
